#
# A fatal error has been detected by the Java Runtime Environment:
#
#  SIGSEGV (0xb) at pc=0x00007fd430f18820, pid=16267, tid=16299
#
# JRE version: Java(TM) SE Runtime Environment (10.0.1+10) (build 10.0.1+10)
# Java VM: Java HotSpot(TM) 64-Bit Server VM (10.0.1+10, mixed mode, tiered, compressed oops, g1 gc, linux-amd64)
# Problematic frame:
# C  [i965_dri.so+0x2eb820]
#
# Core dump will be written. Default location: Core dumps may be processed with "/usr/share/apport/apport %p %s %c %d %P" (or dumping to /home/rtorok/Paintbrush/core.16267)
#
# If you would like to submit a bug report, please visit:
#   http://bugreport.java.com/bugreport/crash.jsp
# The crash happened outside the Java Virtual Machine in native code.
# See problematic frame for where to report the bug.
#

---------------  S U M M A R Y ------------

Command Line: main.Root

Host: Intel(R) Core(TM) i7-6500U CPU @ 2.50GHz, 4 cores, 7G, Ubuntu 16.04.4 LTS
Time: Sun Jun 17 16:35:47 2018 CDT elapsed time: 3761 seconds (0d 1h 2m 41s)

---------------  T H R E A D  ---------------

Current thread (0x00007fd410216000):  JavaThread "AWT-XAWT" daemon [_thread_in_native, id=16299, stack(0x00007fd4215e3000,0x00007fd4216e4000)]

Stack: [0x00007fd4215e3000,0x00007fd4216e4000],  sp=0x00007fd4216e2830,  free space=1022k
Native frames: (J=compiled Java code, A=aot compiled Java code, j=interpreted, Vv=VM code, C=native code)
C  [i965_dri.so+0x2eb820]

Java frames: (J=compiled Java code, j=interpreted, Vv=VM code)
J 3519  sun.awt.X11.XlibWrapper.XEventsQueued(JI)I java.desktop@10.0.1 (0 bytes) @ 0x00007fd4a187ae84 [0x00007fd4a187ae40+0x0000000000000044]
j  sun.awt.X11.XToolkit.run(Z)V+63 java.desktop@10.0.1
j  sun.awt.X11.XToolkit.run()V+5 java.desktop@10.0.1
j  java.lang.Thread.run()V+11 java.base@10.0.1
v  ~StubRoutines::call_stub

siginfo: si_signo: 11 (SIGSEGV), si_code: 1 (SEGV_MAPERR), si_addr: 0x0000000000000059

Register to memory mapping:

RAX=0x00007fd42ddb3070 is an unknown value
RBX=0x00007fd42c0076b0 is an unknown value
RCX=0x0000000000000000 is an unknown value
RDX=0x0000000000000000 is an unknown value
RSP=0x00007fd4216e2830 is pointing into the stack for thread: 0x00007fd410216000
RBP=0x00007fd4bb6a95f8: <offset 0x00000000003c45f8> in /lib/x86_64-linux-gnu/libc.so.6 at 0x00007fd4bb2e5000
RSI=0x0000000000000000 is an unknown value
RDI=0x0000000000000041 is an unknown value
R8 =0x00007fd42db3fbb0 is an unknown value
R9 =0x0000000000000001 is an unknown value
R10=0x00000000000001c6 is an unknown value
R11=0x00007fd433b1b750: _ZNSt13basic_ostreamIwSt11char_traitsIwEE5flushEv+0x0000000000000000 in /usr/lib/x86_64-linux-gnu/libstdc++.so.6 at 0x00007fd433a0b000
R12=0x0000000000000001 is an unknown value
R13=0x0000000001b371c0 is an unknown value
R14=0x00007fd4216e2950 is pointing into the stack for thread: 0x00007fd410216000
R15=0x00007fd410216000 is a thread


Registers:
RAX=0x00007fd42ddb3070, RBX=0x00007fd42c0076b0, RCX=0x0000000000000000, RDX=0x0000000000000000
RSP=0x00007fd4216e2830, RBP=0x00007fd4bb6a95f8, RSI=0x0000000000000000, RDI=0x0000000000000041
R8 =0x00007fd42db3fbb0, R9 =0x0000000000000001, R10=0x00000000000001c6, R11=0x00007fd433b1b750
R12=0x0000000000000001, R13=0x0000000001b371c0, R14=0x00007fd4216e2950, R15=0x00007fd410216000
RIP=0x00007fd430f18820, EFLAGS=0x0000000000010206, CSGSFS=0x002b000000000033, ERR=0x0000000000000004
  TRAPNO=0x000000000000000e

Top of Stack: (sp=0x00007fd4216e2830)
0x00007fd4216e2830:   00007fd42c000078 00007fd430f1882d
0x00007fd4216e2840:   00007fd42db3faf0 00007fd430f1882d
0x00007fd4216e2850:   00007fd42d88b6b0 00007fd430f1882d
0x00007fd4216e2860:   0000000000000001 00007fd430ec4a3c 

Instructions: (pc=0x00007fd430f18820)
0x00007fd430f18800:   5b c3 0f 1f 40 00 66 2e 0f 1f 84 00 00 00 00 00
0x00007fd430f18810:   53 48 89 fb 48 8b 7f 08 48 85 ff 74 19 0f 1f 00
0x00007fd430f18820:   48 8b 47 18 48 89 43 08 e8 e3 ff ff ff 48 8b 7b
0x00007fd430f18830:   08 48 85 ff 75 ea 48 8b 43 20 48 85 c0 74 06 48 


---------------  P R O C E S S  ---------------

Threads class SMR info:
_java_thread_list=0x00007fd4800047f0, length=22, elements={
0x00007fd4b4011800, 0x00007fd4b4133800, 0x00007fd4b4135800, 0x00007fd4b413f000,
0x00007fd4b4149800, 0x00007fd4b414b800, 0x00007fd4b414d800, 0x00007fd4b414f800,
0x00007fd4b41e2800, 0x00007fd4b41ed000, 0x00007fd4b4295000, 0x00007fd438068800,
0x00007fd43814a000, 0x00007fd43814d800, 0x00007fd410211800, 0x00007fd410216000,
0x00007fd4103fa800, 0x00007fd4102a0000, 0x00007fd458001000, 0x00007fd458002000,
0x00007fd480001000, 0x00007fd480003000
}

Java Threads: ( => current thread )
  0x00007fd4b4011800 JavaThread "main" [_thread_blocked, id=16268, stack(0x00007fd4bbff7000,0x00007fd4bc0f8000)]
  0x00007fd4b4133800 JavaThread "Reference Handler" daemon [_thread_blocked, id=16281, stack(0x00007fd49812e000,0x00007fd49822f000)]
  0x00007fd4b4135800 JavaThread "Finalizer" daemon [_thread_blocked, id=16282, stack(0x00007fd49802d000,0x00007fd49812e000)]
  0x00007fd4b413f000 JavaThread "Signal Dispatcher" daemon [_thread_blocked, id=16283, stack(0x00007fd48817f000,0x00007fd488280000)]
  0x00007fd4b4149800 JavaThread "C2 CompilerThread0" daemon [_thread_blocked, id=16284, stack(0x00007fd48807e000,0x00007fd48817f000)]
  0x00007fd4b414b800 JavaThread "C2 CompilerThread1" daemon [_thread_blocked, id=16285, stack(0x00007fd47d427000,0x00007fd47d528000)]
  0x00007fd4b414d800 JavaThread "C1 CompilerThread2" daemon [_thread_blocked, id=16286, stack(0x00007fd47d326000,0x00007fd47d427000)]
  0x00007fd4b414f800 JavaThread "Sweeper thread" daemon [_thread_blocked, id=16287, stack(0x00007fd47d225000,0x00007fd47d326000)]
  0x00007fd4b41e2800 JavaThread "Service Thread" daemon [_thread_blocked, id=16288, stack(0x00007fd47d124000,0x00007fd47d225000)]
  0x00007fd4b41ed000 JavaThread "Common-Cleaner" daemon [_thread_blocked, id=16289, stack(0x00007fd47d023000,0x00007fd47d124000)]
  0x00007fd4b4295000 JavaThread "JavaFX-Launcher" [_thread_blocked, id=16291, stack(0x00007fd47c9f9000,0x00007fd47cafa000)]
  0x00007fd438068800 JavaThread "QuantumRenderer-0" daemon [_thread_blocked, id=16292, stack(0x00007fd47c8f8000,0x00007fd47c9f9000)]
  0x00007fd43814a000 JavaThread "InvokeLaterDispatcher" daemon [_thread_blocked, id=16296, stack(0x00007fd47c025000,0x00007fd47c126000)]
  0x00007fd43814d800 JavaThread "JavaFX Application Thread" [_thread_in_native, id=16297, stack(0x00007fd4300b2000,0x00007fd4301b3000)]
  0x00007fd410211800 JavaThread "Java2D Disposer" daemon [_thread_blocked, id=16298, stack(0x00007fd4216e4000,0x00007fd4217e5000)]
=>0x00007fd410216000 JavaThread "AWT-XAWT" daemon [_thread_in_native, id=16299, stack(0x00007fd4215e3000,0x00007fd4216e4000)]
  0x00007fd4103fa800 JavaThread "Prism Font Disposer" daemon [_thread_blocked, id=16300, stack(0x00007fd420856000,0x00007fd420957000)]
  0x00007fd4102a0000 JavaThread "Cleaner-0" daemon [_thread_blocked, id=16308, stack(0x00007fd420004000,0x00007fd420105000)]
  0x00007fd458001000 JavaThread "SIGHUP handler" daemon [_thread_blocked, id=19061, stack(0x00007fd40b6f4000,0x00007fd40b7f5000)]
  0x00007fd458002000 JavaThread "SIGTERM handler" daemon [_thread_blocked, id=19066, stack(0x00007fd40910f000,0x00007fd409210000)]
  0x00007fd480001000 JavaThread "XToolkt-Shutdown-Thread" [_thread_in_vm, id=19096, stack(0x00007fd409006000,0x00007fd409107000)]
  0x00007fd480003000 JavaThread "Glass/Prism Shutdown Hook" [_thread_blocked, id=19103, stack(0x00007fd408f05000,0x00007fd409006000)]

Other Threads:
  0x00007fd4b412a000 VMThread "VM Thread" [stack: 0x00007fd498230000,0x00007fd498330000] [id=16280]
  0x00007fd4b41f0800 WatcherThread [stack: 0x00007fd47cf23000,0x00007fd47d023000] [id=16290]
  0x00007fd4b4029800 GCTaskThread "GC Thread#0" [stack: 0x00007fd4b85e2000,0x00007fd4b86e2000] [id=16269]
  0x00007fd4b402b000 GCTaskThread "GC Thread#1" [stack: 0x00007fd4b84e1000,0x00007fd4b85e1000] [id=16270]
  0x00007fd4b402c800 GCTaskThread "GC Thread#2" [stack: 0x00007fd4b83e0000,0x00007fd4b84e0000] [id=16271]
  0x00007fd4b402e800 GCTaskThread "GC Thread#3" [stack: 0x00007fd4b82df000,0x00007fd4b83df000] [id=16272]
  0x00007fd4b4058000 ConcurrentGCThread "G1 Main Marker" [stack: 0x00007fd498db1000,0x00007fd498eb1000] [id=16273]
  0x00007fd4b4059800 ConcurrentGCThread "G1 Conc#0" [stack: 0x00007fd498cb0000,0x00007fd498db0000] [id=16274]
  0x00007fd4b40c1800 ConcurrentGCThread "G1 Refine#0" [stack: 0x00007fd4987ab000,0x00007fd4988ab000] [id=16275]
  0x00007fd4b40c3800 ConcurrentGCThread "G1 Refine#1" [stack: 0x00007fd4986aa000,0x00007fd4987aa000] [id=16276]
  0x00007fd4b40c5000 ConcurrentGCThread "G1 Refine#2" [stack: 0x00007fd4985a9000,0x00007fd4986a9000] [id=16277]
  0x00007fd4b40c7000 ConcurrentGCThread "G1 Refine#3" [stack: 0x00007fd4984a8000,0x00007fd4985a8000] [id=16278]
  0x00007fd4b40c8800 ConcurrentGCThread "G1 Young RemSet Sampling" [stack: 0x00007fd4983a7000,0x00007fd4984a7000] [id=16279]

Threads with active compile tasks:

VM state:synchronizing (normal execution)

VM Mutex/Monitor currently owned by a thread:  ([mutex/lock_event])
[0x00007fd4b400d7b0] Threads_lock - owner thread: 0x00007fd4b412a000

Heap address: 0x0000000085000000, size: 1968 MB, Compressed Oops mode: 32-bit
Narrow klass base: 0x0000000000000000, Narrow klass shift: 3
Compressed class space size: 1073741824 Address: 0x0000000100000000

Heap:
 garbage-first heap   total 234496K, used 150528K [0x0000000085000000, 0x0000000100000000)
  region size 1024K, 13 young (13312K), 1 survivors (1024K)
 Metaspace       used 30989K, capacity 31634K, committed 32768K, reserved 1077248K
  class space    used 3462K, capacity 3767K, committed 4096K, reserved 1048576K
Heap Regions: E=young(eden), S=young(survivor), O=old, HS=humongous(starts), HC=humongous(continues), CS=collection set, F=free, A=archive, TS=gc time stamp, AC=allocation context, TAMS=top-at-mark-start (previous, next)
|   0|0x0000000085000000, 0x0000000085100000, 0x0000000085100000|100%|HS|  |TS  0|AC  0|TAMS 0x0000000085100000, 0x0000000085100000|
|   1|0x0000000085100000, 0x0000000085200000, 0x0000000085200000|100%|HC|  |TS  0|AC  0|TAMS 0x0000000085200000, 0x0000000085200000|
|   2|0x0000000085200000, 0x0000000085300000, 0x0000000085300000|100%|HC|  |TS  0|AC  0|TAMS 0x0000000085300000, 0x0000000085300000|
|   3|0x0000000085300000, 0x0000000085400000, 0x0000000085400000|100%|HC|  |TS  0|AC  0|TAMS 0x0000000085400000, 0x0000000085400000|
|   4|0x0000000085400000, 0x0000000085500000, 0x0000000085500000|100%|HC|  |TS  0|AC  0|TAMS 0x0000000085500000, 0x0000000085500000|
|   5|0x0000000085500000, 0x0000000085600000, 0x0000000085600000|100%|HC|  |TS  0|AC  0|TAMS 0x0000000085600000, 0x0000000085600000|
|   6|0x0000000085600000, 0x0000000085700000, 0x0000000085700000|100%|HC|  |TS  0|AC  0|TAMS 0x0000000085700000, 0x0000000085700000|
|   7|0x0000000085700000, 0x0000000085800000, 0x0000000085800000|100%|HC|  |TS  0|AC  0|TAMS 0x0000000085800000, 0x0000000085800000|
|   8|0x0000000085800000, 0x0000000085900000, 0x0000000085900000|100%|HC|  |TS  0|AC  0|TAMS 0x0000000085900000, 0x0000000085900000|
|   9|0x0000000085900000, 0x0000000085a00000, 0x0000000085a00000|100%|HC|  |TS  0|AC  0|TAMS 0x0000000085a00000, 0x0000000085a00000|
|  10|0x0000000085a00000, 0x0000000085b00000, 0x0000000085b00000|100%|HC|  |TS  0|AC  0|TAMS 0x0000000085b00000, 0x0000000085b00000|
|  11|0x0000000085b00000, 0x0000000085c00000, 0x0000000085c00000|100%|HC|  |TS  0|AC  0|TAMS 0x0000000085c00000, 0x0000000085c00000|
|  12|0x0000000085c00000, 0x0000000085d00000, 0x0000000085d00000|100%|HC|  |TS  0|AC  0|TAMS 0x0000000085d00000, 0x0000000085d00000|
|  13|0x0000000085d00000, 0x0000000085e00000, 0x0000000085e00000|100%|HC|  |TS  0|AC  0|TAMS 0x0000000085e00000, 0x0000000085e00000|
|  14|0x0000000085e00000, 0x0000000085f00000, 0x0000000085f00000|100%|HC|  |TS  0|AC  0|TAMS 0x0000000085f00000, 0x0000000085f00000|
|  15|0x0000000085f00000, 0x0000000086000000, 0x0000000086000000|100%|HC|  |TS  0|AC  0|TAMS 0x0000000086000000, 0x0000000086000000|
|  16|0x0000000086000000, 0x0000000086100000, 0x0000000086100000|100%|HC|  |TS  0|AC  0|TAMS 0x0000000086100000, 0x0000000086100000|
|  17|0x0000000086100000, 0x0000000086200000, 0x0000000086200000|100%|HC|  |TS  0|AC  0|TAMS 0x0000000086200000, 0x0000000086200000|
|  18|0x0000000086200000, 0x0000000086300000, 0x0000000086300000|100%|HC|  |TS  0|AC  0|TAMS 0x0000000086300000, 0x0000000086300000|
|  19|0x0000000086300000, 0x0000000086400000, 0x0000000086400000|100%|HC|  |TS  0|AC  0|TAMS 0x0000000086400000, 0x0000000086400000|
|  20|0x0000000086400000, 0x0000000086500000, 0x0000000086500000|100%|HC|  |TS  0|AC  0|TAMS 0x0000000086500000, 0x0000000086500000|
|  21|0x0000000086500000, 0x0000000086600000, 0x0000000086600000|100%|HS|  |TS  0|AC  0|TAMS 0x0000000086600000, 0x0000000086600000|
|  22|0x0000000086600000, 0x0000000086700000, 0x0000000086700000|100%| O|  |TS  0|AC  0|TAMS 0x0000000086700000, 0x0000000086700000|
|  23|0x0000000086700000, 0x0000000086800000, 0x0000000086800000|100%| O|  |TS  0|AC  0|TAMS 0x0000000086800000, 0x0000000086800000|
|  24|0x0000000086800000, 0x0000000086900000, 0x0000000086900000|100%| O|  |TS  0|AC  0|TAMS 0x0000000086900000, 0x0000000086900000|
|  25|0x0000000086900000, 0x0000000086a00000, 0x0000000086a00000|100%| O|  |TS  0|AC  0|TAMS 0x0000000086a00000, 0x0000000086a00000|
|  26|0x0000000086a00000, 0x0000000086b00000, 0x0000000086b00000|100%|HS|  |TS  0|AC  0|TAMS 0x0000000086a00000, 0x0000000086a00000|
|  27|0x0000000086b00000, 0x0000000086c00000, 0x0000000086c00000|100%|HC|  |TS  0|AC  0|TAMS 0x0000000086b00000, 0x0000000086b00000|
|  28|0x0000000086c00000, 0x0000000086d00000, 0x0000000086d00000|100%|HC|  |TS  0|AC  0|TAMS 0x0000000086c00000, 0x0000000086c00000|
|  29|0x0000000086d00000, 0x0000000086e00000, 0x0000000086e00000|100%|HC|  |TS  0|AC  0|TAMS 0x0000000086d00000, 0x0000000086d00000|
|  30|0x0000000086e00000, 0x0000000086f00000, 0x0000000086f00000|100%|HC|  |TS  0|AC  0|TAMS 0x0000000086e00000, 0x0000000086e00000|
|  31|0x0000000086f00000, 0x0000000087000000, 0x0000000087000000|100%|HC|  |TS  0|AC  0|TAMS 0x0000000086f00000, 0x0000000086f00000|
|  32|0x0000000087000000, 0x0000000087100000, 0x0000000087100000|100%|HC|  |TS  0|AC  0|TAMS 0x0000000087000000, 0x0000000087000000|
|  33|0x0000000087100000, 0x0000000087200000, 0x0000000087200000|100%|HC|  |TS  0|AC  0|TAMS 0x0000000087100000, 0x0000000087100000|
|  34|0x0000000087200000, 0x0000000087300000, 0x0000000087300000|100%|HC|  |TS  0|AC  0|TAMS 0x0000000087200000, 0x0000000087200000|
|  35|0x0000000087300000, 0x0000000087400000, 0x0000000087400000|100%|HC|  |TS  0|AC  0|TAMS 0x0000000087300000, 0x0000000087300000|
|  36|0x0000000087400000, 0x0000000087500000, 0x0000000087500000|100%|HC|  |TS  0|AC  0|TAMS 0x0000000087400000, 0x0000000087400000|
|  37|0x0000000087500000, 0x0000000087600000, 0x0000000087600000|100%|HC|  |TS  0|AC  0|TAMS 0x0000000087500000, 0x0000000087500000|
|  38|0x0000000087600000, 0x0000000087700000, 0x0000000087700000|100%|HC|  |TS  0|AC  0|TAMS 0x0000000087600000, 0x0000000087600000|
|  39|0x0000000087700000, 0x0000000087800000, 0x0000000087800000|100%|HC|  |TS  0|AC  0|TAMS 0x0000000087700000, 0x0000000087700000|
|  40|0x0000000087800000, 0x0000000087900000, 0x0000000087900000|100%|HC|  |TS  0|AC  0|TAMS 0x0000000087800000, 0x0000000087800000|
|  41|0x0000000087900000, 0x0000000087a00000, 0x0000000087a00000|100%|HC|  |TS  0|AC  0|TAMS 0x0000000087900000, 0x0000000087900000|
|  42|0x0000000087a00000, 0x0000000087b00000, 0x0000000087b00000|100%|HC|  |TS  0|AC  0|TAMS 0x0000000087a00000, 0x0000000087a00000|
|  43|0x0000000087b00000, 0x0000000087c00000, 0x0000000087c00000|100%|HC|  |TS  0|AC  0|TAMS 0x0000000087b00000, 0x0000000087b00000|
|  44|0x0000000087c00000, 0x0000000087d00000, 0x0000000087d00000|100%|HC|  |TS  0|AC  0|TAMS 0x0000000087c00000, 0x0000000087c00000|
|  45|0x0000000087d00000, 0x0000000087e00000, 0x0000000087e00000|100%|HC|  |TS  0|AC  0|TAMS 0x0000000087d00000, 0x0000000087d00000|
|  46|0x0000000087e00000, 0x0000000087f00000, 0x0000000087f00000|100%|HC|  |TS  0|AC  0|TAMS 0x0000000087e00000, 0x0000000087e00000|
|  47|0x0000000087f00000, 0x0000000088000000, 0x0000000088000000|100%|HC|  |TS  0|AC  0|TAMS 0x0000000087f00000, 0x0000000087f00000|
|  48|0x0000000088000000, 0x0000000088100000, 0x0000000088100000|100%|HC|  |TS  0|AC  0|TAMS 0x0000000088000000, 0x0000000088000000|
|  49|0x0000000088100000, 0x0000000088200000, 0x0000000088200000|100%|HC|  |TS  0|AC  0|TAMS 0x0000000088100000, 0x0000000088100000|
|  50|0x0000000088200000, 0x0000000088300000, 0x0000000088300000|100%|HC|  |TS  0|AC  0|TAMS 0x0000000088200000, 0x0000000088200000|
|  51|0x0000000088300000, 0x0000000088400000, 0x0000000088400000|100%|HC|  |TS  0|AC  0|TAMS 0x0000000088300000, 0x0000000088300000|
|  52|0x0000000088400000, 0x0000000088500000, 0x0000000088500000|100%|HC|  |TS  0|AC  0|TAMS 0x0000000088400000, 0x0000000088400000|
|  53|0x0000000088500000, 0x0000000088600000, 0x0000000088600000|100%|HC|  |TS  0|AC  0|TAMS 0x0000000088500000, 0x0000000088500000|
|  54|0x0000000088600000, 0x0000000088700000, 0x0000000088700000|100%|HC|  |TS  0|AC  0|TAMS 0x0000000088600000, 0x0000000088600000|
|  55|0x0000000088700000, 0x0000000088800000, 0x0000000088800000|100%|HC|  |TS  0|AC  0|TAMS 0x0000000088700000, 0x0000000088700000|
|  56|0x0000000088800000, 0x0000000088900000, 0x0000000088900000|100%|HC|  |TS  0|AC  0|TAMS 0x0000000088800000, 0x0000000088800000|
|  57|0x0000000088900000, 0x0000000088a00000, 0x0000000088a00000|100%|HC|  |TS  0|AC  0|TAMS 0x0000000088900000, 0x0000000088900000|
|  58|0x0000000088a00000, 0x0000000088b00000, 0x0000000088b00000|100%|HC|  |TS  0|AC  0|TAMS 0x0000000088a00000, 0x0000000088a00000|
|  59|0x0000000088b00000, 0x0000000088c00000, 0x0000000088c00000|100%|HC|  |TS  0|AC  0|TAMS 0x0000000088b00000, 0x0000000088b00000|
|  60|0x0000000088c00000, 0x0000000088d00000, 0x0000000088d00000|100%|HC|  |TS  0|AC  0|TAMS 0x0000000088c00000, 0x0000000088c00000|
|  61|0x0000000088d00000, 0x0000000088e00000, 0x0000000088e00000|100%|HC|  |TS  0|AC  0|TAMS 0x0000000088d00000, 0x0000000088d00000|
|  62|0x0000000088e00000, 0x0000000088f00000, 0x0000000088f00000|100%|HC|  |TS  0|AC  0|TAMS 0x0000000088e00000, 0x0000000088e00000|
|  63|0x0000000088f00000, 0x0000000089000000, 0x0000000089000000|100%|HC|  |TS  0|AC  0|TAMS 0x0000000088f00000, 0x0000000088f00000|
|  64|0x0000000089000000, 0x0000000089100000, 0x0000000089100000|100%|HC|  |TS  0|AC  0|TAMS 0x0000000089000000, 0x0000000089000000|
|  65|0x0000000089100000, 0x0000000089200000, 0x0000000089200000|100%|HC|  |TS  0|AC  0|TAMS 0x0000000089100000, 0x0000000089100000|
|  66|0x0000000089200000, 0x0000000089300000, 0x0000000089300000|100%|HC|  |TS  0|AC  0|TAMS 0x0000000089200000, 0x0000000089200000|
|  67|0x0000000089300000, 0x0000000089400000, 0x0000000089400000|100%|HC|  |TS  0|AC  0|TAMS 0x0000000089300000, 0x0000000089300000|
|  68|0x0000000089400000, 0x0000000089500000, 0x0000000089500000|100%|HC|  |TS  0|AC  0|TAMS 0x0000000089400000, 0x0000000089400000|
|  69|0x0000000089500000, 0x0000000089600000, 0x0000000089600000|100%|HC|  |TS  0|AC  0|TAMS 0x0000000089500000, 0x0000000089500000|
|  70|0x0000000089600000, 0x0000000089700000, 0x0000000089700000|100%|HC|  |TS  0|AC  0|TAMS 0x0000000089600000, 0x0000000089600000|
|  71|0x0000000089700000, 0x0000000089800000, 0x0000000089800000|100%|HC|  |TS  0|AC  0|TAMS 0x0000000089700000, 0x0000000089700000|
|  72|0x0000000089800000, 0x0000000089900000, 0x0000000089900000|100%|HC|  |TS  0|AC  0|TAMS 0x0000000089800000, 0x0000000089800000|
|  73|0x0000000089900000, 0x0000000089a00000, 0x0000000089a00000|100%|HC|  |TS  0|AC  0|TAMS 0x0000000089900000, 0x0000000089900000|
|  74|0x0000000089a00000, 0x0000000089b00000, 0x0000000089b00000|100%|HC|  |TS  0|AC  0|TAMS 0x0000000089a00000, 0x0000000089a00000|
|  75|0x0000000089b00000, 0x0000000089c00000, 0x0000000089c00000|100%|HC|  |TS  0|AC  0|TAMS 0x0000000089b00000, 0x0000000089b00000|
|  76|0x0000000089c00000, 0x0000000089d00000, 0x0000000089d00000|100%|HC|  |TS  0|AC  0|TAMS 0x0000000089c00000, 0x0000000089c00000|
|  77|0x0000000089d00000, 0x0000000089e00000, 0x0000000089e00000|100%|HC|  |TS  0|AC  0|TAMS 0x0000000089d00000, 0x0000000089d00000|
|  78|0x0000000089e00000, 0x0000000089e98200, 0x0000000089f00000| 59%| O|  |TS  0|AC  0|TAMS 0x0000000089e98200, 0x0000000089e98200|
|  79|0x0000000089f00000, 0x0000000089f00000, 0x000000008a000000|  0%| F|  |TS  0|AC  0|TAMS 0x0000000089f00000, 0x0000000089f00000|
|  80|0x000000008a000000, 0x000000008a000000, 0x000000008a100000|  0%| F|  |TS  0|AC  0|TAMS 0x000000008a000000, 0x000000008a000000|
|  81|0x000000008a100000, 0x000000008a100000, 0x000000008a200000|  0%| F|  |TS  0|AC  0|TAMS 0x000000008a100000, 0x000000008a100000|
|  82|0x000000008a200000, 0x000000008a200000, 0x000000008a300000|  0%| F|  |TS  0|AC  0|TAMS 0x000000008a200000, 0x000000008a200000|
|  83|0x000000008a300000, 0x000000008a300000, 0x000000008a400000|  0%| F|  |TS  0|AC  0|TAMS 0x000000008a300000, 0x000000008a300000|
|  84|0x000000008a400000, 0x000000008a400000, 0x000000008a500000|  0%| F|  |TS  0|AC  0|TAMS 0x000000008a400000, 0x000000008a400000|
|  85|0x000000008a500000, 0x000000008a500000, 0x000000008a600000|  0%| F|  |TS  0|AC  0|TAMS 0x000000008a500000, 0x000000008a500000|
|  86|0x000000008a600000, 0x000000008a600000, 0x000000008a700000|  0%| F|  |TS  0|AC  0|TAMS 0x000000008a600000, 0x000000008a600000|
|  87|0x000000008a700000, 0x000000008a700000, 0x000000008a800000|  0%| F|  |TS  0|AC  0|TAMS 0x000000008a700000, 0x000000008a700000|
|  88|0x000000008a800000, 0x000000008a800000, 0x000000008a900000|  0%| F|  |TS  0|AC  0|TAMS 0x000000008a800000, 0x000000008a800000|
|  89|0x000000008a900000, 0x000000008a900000, 0x000000008aa00000|  0%| F|  |TS  0|AC  0|TAMS 0x000000008a900000, 0x000000008a900000|
|  90|0x000000008aa00000, 0x000000008aa00000, 0x000000008ab00000|  0%| F|  |TS  0|AC  0|TAMS 0x000000008aa00000, 0x000000008aa00000|
|  91|0x000000008ab00000, 0x000000008ab00000, 0x000000008ac00000|  0%| F|  |TS  0|AC  0|TAMS 0x000000008ab00000, 0x000000008ab00000|
|  92|0x000000008ac00000, 0x000000008ac00000, 0x000000008ad00000|  0%| F|  |TS  0|AC  0|TAMS 0x000000008ac00000, 0x000000008ac00000|
|  93|0x000000008ad00000, 0x000000008ad00000, 0x000000008ae00000|  0%| F|  |TS  0|AC  0|TAMS 0x000000008ad00000, 0x000000008ad00000|
|  94|0x000000008ae00000, 0x000000008ae00000, 0x000000008af00000|  0%| F|  |TS  0|AC  0|TAMS 0x000000008ae00000, 0x000000008ae00000|
|  95|0x000000008af00000, 0x000000008af00000, 0x000000008b000000|  0%| F|  |TS  0|AC  0|TAMS 0x000000008af00000, 0x000000008af00000|
|  96|0x000000008b000000, 0x000000008b000000, 0x000000008b100000|  0%| F|  |TS  0|AC  0|TAMS 0x000000008b000000, 0x000000008b000000|
|  97|0x000000008b100000, 0x000000008b100000, 0x000000008b200000|  0%| F|  |TS  0|AC  0|TAMS 0x000000008b100000, 0x000000008b100000|
|  98|0x000000008b200000, 0x000000008b200000, 0x000000008b300000|  0%| F|  |TS  0|AC  0|TAMS 0x000000008b200000, 0x000000008b200000|
|  99|0x000000008b300000, 0x000000008b400000, 0x000000008b400000|100%| O|  |TS  0|AC  0|TAMS 0x000000008b400000, 0x000000008b400000|
| 100|0x000000008b400000, 0x000000008b500000, 0x000000008b500000|100%| O|  |TS  0|AC  0|TAMS 0x000000008b500000, 0x000000008b500000|
| 101|0x000000008b500000, 0x000000008b600000, 0x000000008b600000|100%| O|  |TS  0|AC  0|TAMS 0x000000008b600000, 0x000000008b600000|
| 102|0x000000008b600000, 0x000000008b700000, 0x000000008b700000|100%| O|  |TS  0|AC  0|TAMS 0x000000008b700000, 0x000000008b700000|
| 103|0x000000008b700000, 0x000000008b700000, 0x000000008b800000|  0%| F|  |TS  0|AC  0|TAMS 0x000000008b700000, 0x000000008b700000|
| 104|0x000000008b800000, 0x000000008b800000, 0x000000008b900000|  0%| F|  |TS  0|AC  0|TAMS 0x000000008b800000, 0x000000008b800000|
| 105|0x000000008b900000, 0x000000008b900000, 0x000000008ba00000|  0%| F|  |TS  0|AC  0|TAMS 0x000000008b900000, 0x000000008b900000|
| 106|0x000000008ba00000, 0x000000008ba00000, 0x000000008bb00000|  0%| F|  |TS  0|AC  0|TAMS 0x000000008ba00000, 0x000000008ba00000|
| 107|0x000000008bb00000, 0x000000008bb00000, 0x000000008bc00000|  0%| F|  |TS  0|AC  0|TAMS 0x000000008bb00000, 0x000000008bb00000|
| 108|0x000000008bc00000, 0x000000008bc00000, 0x000000008bd00000|  0%| F|  |TS  0|AC  0|TAMS 0x000000008bc00000, 0x000000008bc00000|
| 109|0x000000008bd00000, 0x000000008bd00000, 0x000000008be00000|  0%| F|  |TS  0|AC  0|TAMS 0x000000008bd00000, 0x000000008bd00000|
| 110|0x000000008be00000, 0x000000008be00000, 0x000000008bf00000|  0%| F|  |TS  0|AC  0|TAMS 0x000000008be00000, 0x000000008be00000|
| 111|0x000000008bf00000, 0x000000008bf00000, 0x000000008c000000|  0%| F|  |TS  0|AC  0|TAMS 0x000000008bf00000, 0x000000008bf00000|
| 112|0x000000008c000000, 0x000000008c000000, 0x000000008c100000|  0%| F|  |TS  0|AC  0|TAMS 0x000000008c000000, 0x000000008c000000|
| 113|0x000000008c100000, 0x000000008c100000, 0x000000008c200000|  0%| F|  |TS  0|AC  0|TAMS 0x000000008c100000, 0x000000008c100000|
| 114|0x000000008c200000, 0x000000008c200000, 0x000000008c300000|  0%| F|  |TS  0|AC  0|TAMS 0x000000008c200000, 0x000000008c200000|
| 115|0x000000008c300000, 0x000000008c300000, 0x000000008c400000|  0%| F|  |TS  0|AC  0|TAMS 0x000000008c300000, 0x000000008c300000|
| 116|0x000000008c400000, 0x000000008c400000, 0x000000008c500000|  0%| F|  |TS  0|AC  0|TAMS 0x000000008c400000, 0x000000008c400000|
| 117|0x000000008c500000, 0x000000008c500000, 0x000000008c600000|  0%| F|  |TS  0|AC  0|TAMS 0x000000008c500000, 0x000000008c500000|
| 118|0x000000008c600000, 0x000000008c600000, 0x000000008c700000|  0%| F|  |TS  0|AC  0|TAMS 0x000000008c600000, 0x000000008c600000|
| 119|0x000000008c700000, 0x000000008c700000, 0x000000008c800000|  0%| F|  |TS  0|AC  0|TAMS 0x000000008c700000, 0x000000008c700000|
| 120|0x000000008c800000, 0x000000008c800000, 0x000000008c900000|  0%| F|  |TS  0|AC  0|TAMS 0x000000008c800000, 0x000000008c800000|
| 121|0x000000008c900000, 0x000000008c900000, 0x000000008ca00000|  0%| F|  |TS  0|AC  0|TAMS 0x000000008c900000, 0x000000008c900000|
| 122|0x000000008ca00000, 0x000000008ca00000, 0x000000008cb00000|  0%| F|  |TS  0|AC  0|TAMS 0x000000008ca00000, 0x000000008ca00000|
| 123|0x000000008cb00000, 0x000000008cb00000, 0x000000008cc00000|  0%| F|  |TS  0|AC  0|TAMS 0x000000008cb00000, 0x000000008cb00000|
| 124|0x000000008cc00000, 0x000000008cd00000, 0x000000008cd00000|100%| O|  |TS  0|AC  0|TAMS 0x000000008cd00000, 0x000000008cd00000|
| 125|0x000000008cd00000, 0x000000008ce00000, 0x000000008ce00000|100%|HS|  |TS  0|AC  0|TAMS 0x000000008ce00000, 0x000000008ce00000|
| 126|0x000000008ce00000, 0x000000008cf00000, 0x000000008cf00000|100%|HC|  |TS  0|AC  0|TAMS 0x000000008cf00000, 0x000000008cf00000|
| 127|0x000000008cf00000, 0x000000008d000000, 0x000000008d000000|100%|HC|  |TS  0|AC  0|TAMS 0x000000008d000000, 0x000000008d000000|
| 128|0x000000008d000000, 0x000000008d100000, 0x000000008d100000|100%|HC|  |TS  0|AC  0|TAMS 0x000000008d100000, 0x000000008d100000|
| 129|0x000000008d100000, 0x000000008d200000, 0x000000008d200000|100%|HC|  |TS  0|AC  0|TAMS 0x000000008d200000, 0x000000008d200000|
| 130|0x000000008d200000, 0x000000008d300000, 0x000000008d300000|100%|HC|  |TS  0|AC  0|TAMS 0x000000008d300000, 0x000000008d300000|
| 131|0x000000008d300000, 0x000000008d400000, 0x000000008d400000|100%|HC|  |TS  0|AC  0